time="2023-10-26T01:47:46+03:00" level=info msg="Start app" func="main.init.0()" file="main.go:23"
time="2023-10-26T02:01:21+03:00" level=info msg="Start app" func="main.init.0()" file="main.go:23"
time="2023-10-26T14:02:33+03:00" level=info msg="Start app" func="main.init.0()" file="main.go:23"
time="2023-10-26T14:07:10+03:00" level=info msg="Start app" func="main.init.0()" file="main.go:23"
time="2023-10-26T14:07:16+03:00" level=error msg="invalid input! looking for json - example \"key\": \"age\",\n\"value\":19 " func="NetServDB/controllers.RedisIncr()" file="controllers.go:21"
time="2023-10-26T14:13:54+03:00" level=info msg="Start app" func="main.init.0()" file="main.go:23"
time="2023-10-26T14:14:11+03:00" level=info msg="Received request:\nKey: age\nValue: 19\n" func="NetServDB/controllers.RedisIncr()" file="controllers.go:26"
time="2023-10-26T14:14:56+03:00" level=info msg="Received request:\nKey: age\nValue: 1999\n" func="NetServDB/controllers.RedisIncr()" file="controllers.go:26"
time="2023-10-26T14:16:24+03:00" level=info msg="Start app" func="main.init.0()" file="main.go:23"
time="2023-10-26T14:16:27+03:00" level=info msg="Received request - Key: age Value: 1999" func="NetServDB/controllers.RedisIncr()" file="controllers.go:26"
time="2023-10-26T14:16:54+03:00" level=info msg="Start app" func="main.init.0()" file="main.go:23"
time="2023-10-26T14:16:57+03:00" level=info msg="Received request - Key:age Value:1999" func="NetServDB/controllers.RedisIncr()" file="controllers.go:26"
time="2023-10-26T14:20:48+03:00" level=info msg="Start app" func="main.init.0()" file="main.go:23"
time="2023-10-26T14:20:53+03:00" level=info msg="Received request - Key:age Value:1999" func="NetServDB/controllers.RedisIncr()" file="controllers.go:27"
time="2023-10-26T14:20:53+03:00" level=info msg="UpdatedValue:8130" func="NetServDB/controllers.RedisIncr()" file="controllers.go:39"
time="2023-10-26T14:25:41+03:00" level=info msg="Start app" func="main.init.0()" file="main.go:23"
time="2023-10-26T14:25:48+03:00" level=info msg="REDIS successfully updated" func="NetServDB/controllers.RedisDel()" file="controllers.go:51"
time="2023-10-26T14:30:37+03:00" level=info msg="Start app" func="main.init.0()" file="main.go:23"
time="2023-10-26T14:30:46+03:00" level=info msg="signature:dc81d3d3dc893e9a9f04bcfecf51dc34308fd247c400dbc0167a1e37a01f7ad6ee3efdc01a16e8f61c4ac38437ebcb23436ccd1f25a0ae74b5f6c207ca36f804" func="NetServDB/controllers.SignHMACSHA512()" file="controllers.go:79"
time="2023-10-26T14:30:53+03:00" level=info msg="signature:dc81d3d3dc893e9a9f04bcfecf51dc34308fd247c400dbc0167a1e37a01f7ad6ee3efdc01a16e8f61c4ac38437ebcb23436ccd1f25a0ae74b5f6c207ca36f804" func="NetServDB/controllers.SignHMACSHA512()" file="controllers.go:79"
time="2023-10-26T14:30:57+03:00" level=error msg="invalid input format" func="NetServDB/controllers.SignHMACSHA512()" file="controllers.go:60"
time="2023-10-26T14:34:02+03:00" level=info msg="Start app" func="main.init.0()" file="main.go:23"
time="2023-10-26T14:36:42+03:00" level=info msg="Start app" func="main.init.0()" file="main.go:23"
time="2023-10-26T14:36:50+03:00" level=info msg="new user - Name:Alex Age:21" func="NetServDB/controllers.AddUser()" file="controllers.go:99"
time="2023-10-26T14:36:50+03:00" level=info msg="user's id:5" func="NetServDB/controllers.AddUser()" file="controllers.go:110"
time="2023-10-26T14:37:20+03:00" level=error msg="invalid input format" func="NetServDB/controllers.AddUser()" file="controllers.go:87"
time="2023-10-26T14:41:14+03:00" level=info msg="Start app" func="main.init.0()" file="main.go:23"
time="2023-10-26T14:41:22+03:00" level=info msg="Table 'users' refreshed successfully" func="NetServDB/controllers.TableRefresh()" file="controllers.go:125"
time="2023-10-26T14:41:29+03:00" level=info msg="Table 'users' refreshed successfully" func="NetServDB/controllers.TableRefresh()" file="controllers.go:125"
time="2023-10-26T14:41:32+03:00" level=info msg="new user - Name:Alex Age:21" func="NetServDB/controllers.AddUser()" file="controllers.go:99"
time="2023-10-26T14:41:32+03:00" level=info msg="user's id:1" func="NetServDB/controllers.AddUser()" file="controllers.go:110"
time="2023-10-26T14:41:42+03:00" level=info msg="new user - Name:Alex Age:19" func="NetServDB/controllers.AddUser()" file="controllers.go:99"
time="2023-10-26T14:41:42+03:00" level=info msg="user's id:2" func="NetServDB/controllers.AddUser()" file="controllers.go:110"
time="2023-10-26T14:45:25+03:00" level=info msg="Start app" func="main.init.0()" file="main.go:23"
time="2023-10-26T14:47:17+03:00" level=info msg="Start app" func="main.init.0()" file="main.go:23"
time="2023-10-26T15:11:31+03:00" level=info msg="Start app" func="main.init.0()" file="main.go:23"
time="2023-10-26T15:11:39+03:00" level=info msg="successful authorization !" func="NetServDB/middleware.Authenticate.func1()" file="auth.go:71"
time="2023-10-26T15:11:39+03:00" level=info msg="REDIS successfully updated" func="NetServDB/controllers.RedisRefresh()" file="controllers.go:51"
time="2023-10-26T15:12:00+03:00" level=error msg="wrong password or username - authorization denied" func="NetServDB/middleware.Authenticate.func1()" file="auth.go:65"
time="2023-10-26T15:12:12+03:00" level=error msg="empty authHeader - authorization denied" func="NetServDB/middleware.Authenticate.func1()" file="auth.go:23"
time="2023-10-26T15:12:16+03:00" level=error msg="empty authHeader - authorization denied" func="NetServDB/middleware.Authenticate.func1()" file="auth.go:23"
time="2023-10-26T15:12:28+03:00" level=info msg="successful authorization !" func="NetServDB/middleware.Authenticate.func1()" file="auth.go:71"
time="2023-10-26T15:12:28+03:00" level=info msg="REDIS successfully updated" func="NetServDB/controllers.RedisRefresh()" file="controllers.go:51"
time="2023-10-26T15:59:06+03:00" level=info msg="Start app" func="main.init.0()" file="main.go:23"
time="2023-10-26T15:59:12+03:00" level=info msg="successful authorization !" func="NetServDB/middleware.Authenticate.func1()" file="auth.go:71"
time="2023-10-26T15:59:12+03:00" level=info msg="REDIS successfully updated" func="NetServDB/controllers.RedisRefresh()" file="controllers.go:51"
time="2023-10-26T18:49:07+03:00" level=info msg="Start app" func="main.init.0()" file="main.go:23"
time="2023-10-26T18:49:12+03:00" level=info msg="new user - Name:Alex Age:21" func="NetServDB/controllers.AddUser()" file="controllers.go:99"
time="2023-10-26T18:49:12+03:00" level=info msg="user's id:7" func="NetServDB/controllers.AddUser()" file="controllers.go:110"
time="2023-10-26T18:49:15+03:00" level=info msg="new user - Name:Alex Age:21" func="NetServDB/controllers.AddUser()" file="controllers.go:99"
time="2023-10-26T18:49:15+03:00" level=info msg="user's id:8" func="NetServDB/controllers.AddUser()" file="controllers.go:110"
time="2023-10-26T18:49:19+03:00" level=info msg="successful authorization !" func="NetServDB/middleware.Authenticate.func1()" file="auth.go:71"
time="2023-10-26T18:49:19+03:00" level=info msg="Table 'users' refreshed successfully" func="NetServDB/controllers.TableRefresh()" file="controllers.go:125"
time="2023-10-26T18:49:24+03:00" level=info msg="new user - Name:Alex Age:21" func="NetServDB/controllers.AddUser()" file="controllers.go:99"
time="2023-10-26T18:49:24+03:00" level=info msg="user's id:1" func="NetServDB/controllers.AddUser()" file="controllers.go:110"
time="2023-10-26T19:27:15+03:00" level=info msg="Start app" func="main.init.0()" file="main.go:23"
time="2023-10-26T19:27:25+03:00" level=info msg="new user - Name:Alex Age:21" func="NetServDB/controllers.AddUser()" file="controllers.go:99"
time="2023-10-26T19:27:25+03:00" level=info msg="user's id:1" func="NetServDB/controllers.AddUser()" file="controllers.go:110"
time="2023-10-26T19:28:24+03:00" level=info msg="new user - Name:Alex Age:21" func="NetServDB/controllers.AddUser()" file="controllers.go:99"
time="2023-10-26T19:28:24+03:00" level=info msg="user's id:2" func="NetServDB/controllers.AddUser()" file="controllers.go:110"
time="2023-10-26T19:28:32+03:00" level=info msg="new user - Name:Alex Age:21" func="NetServDB/controllers.AddUser()" file="controllers.go:99"
time="2023-10-26T19:28:33+03:00" level=info msg="user's id:3" func="NetServDB/controllers.AddUser()" file="controllers.go:110"
time="2023-10-26T20:17:15+03:00" level=info msg="Start app" func="main.init.0()" file="main.go:23"
time="2023-10-26T20:17:16+03:00" level=info msg="new user - Name:Alex Age:21" func="NetServDB/controllers.AddUser()" file="controllers.go:99"
time="2023-10-26T20:17:16+03:00" level=info msg="user's id:2" func="NetServDB/controllers.AddUser()" file="controllers.go:110"
time="2023-10-26T20:17:19+03:00" level=info msg="new user - Name:Alex Age:21" func="NetServDB/controllers.AddUser()" file="controllers.go:99"
time="2023-10-26T20:17:19+03:00" level=info msg="user's id:3" func="NetServDB/controllers.AddUser()" file="controllers.go:110"
time="2023-10-27T01:09:28+03:00" level=info msg="Start app" func="main.init.0()" file="main.go:23"
time="2023-10-27T01:09:44+03:00" level=info msg="Received request - Key:age Value:19" func="NetServDB/controllers.RedisIncr()" file="controllers.go:27"
time="2023-10-27T01:09:44+03:00" level=info msg="UpdatedValue:115" func="NetServDB/controllers.RedisIncr()" file="controllers.go:39"
time="2023-10-27T01:09:49+03:00" level=info msg="successful authorization !" func="NetServDB/middleware.Authenticate.func1()" file="auth.go:71"
time="2023-10-27T01:09:49+03:00" level=info msg="REDIS successfully updated" func="NetServDB/controllers.RedisRefresh()" file="controllers.go:51"
time="2023-10-27T01:09:53+03:00" level=info msg="Received request - Key:age Value:19" func="NetServDB/controllers.RedisIncr()" file="controllers.go:27"
time="2023-10-27T01:09:53+03:00" level=info msg="UpdatedValue:20" func="NetServDB/controllers.RedisIncr()" file="controllers.go:39"
time="2023-10-27T01:09:56+03:00" level=info msg="Received request - Key:age Value:19" func="NetServDB/controllers.RedisIncr()" file="controllers.go:27"
time="2023-10-27T01:09:56+03:00" level=info msg="UpdatedValue:39" func="NetServDB/controllers.RedisIncr()" file="controllers.go:39"
time="2023-10-27T01:10:04+03:00" level=info msg="signature:dc81d3d3dc893e9a9f04bcfecf51dc34308fd247c400dbc0167a1e37a01f7ad6ee3efdc01a16e8f61c4ac38437ebcb23436ccd1f25a0ae74b5f6c207ca36f804" func="NetServDB/controllers.SignHMACSHA512()" file="controllers.go:79"
time="2023-10-27T01:10:09+03:00" level=info msg="new user - Name:Alex Age:21" func="NetServDB/controllers.AddUser()" file="controllers.go:99"
time="2023-10-27T01:10:09+03:00" level=info msg="user's id:4" func="NetServDB/controllers.AddUser()" file="controllers.go:110"
time="2023-10-31T18:06:44+03:00" level=info msg="Start app" func="main.init.0()" file="main.go:23"
time="2023-10-31T18:07:02+03:00" level=info msg="Received request - Key:age Value:19" func="NetServDB/controllers.RedisIncr()" file="controllers.go:27"
time="2023-10-31T18:07:02+03:00" level=info msg="UpdatedValue:58" func="NetServDB/controllers.RedisIncr()" file="controllers.go:39"
time="2023-10-31T18:07:19+03:00" level=info msg="successful authorization !" func="NetServDB/middleware.Authenticate.func1()" file="auth.go:71"
time="2023-10-31T18:07:19+03:00" level=info msg="REDIS successfully updated" func="NetServDB/controllers.RedisRefresh()" file="controllers.go:51"
time="2023-10-31T18:07:22+03:00" level=info msg="Received request - Key:age Value:19" func="NetServDB/controllers.RedisIncr()" file="controllers.go:27"
time="2023-10-31T18:07:22+03:00" level=info msg="UpdatedValue:20" func="NetServDB/controllers.RedisIncr()" file="controllers.go:39"
time="2023-10-31T18:10:59+03:00" level=info msg="Start app" func="main.init.0()" file="main.go:23"
time="2023-10-31T18:11:05+03:00" level=info msg="Received request - Key:age Value:19" func="NetServDB/controllers.RedisIncr()" file="controllers.go:27"
time="2023-10-31T18:11:05+03:00" level=info msg="UpdatedValue:39" func="NetServDB/controllers.RedisIncr()" file="controllers.go:39"
time="2023-10-31T18:11:08+03:00" level=info msg="Received request - Key:age Value:19" func="NetServDB/controllers.RedisIncr()" file="controllers.go:27"
time="2023-10-31T18:11:08+03:00" level=info msg="UpdatedValue:58" func="NetServDB/controllers.RedisIncr()" file="controllers.go:39"
time="2023-10-31T18:11:12+03:00" level=info msg="successful authorization !" func="NetServDB/middleware.Authenticate.func1()" file="auth.go:71"
time="2023-10-31T18:11:12+03:00" level=info msg="REDIS successfully updated" func="NetServDB/controllers.RedisRefresh()" file="controllers.go:52"
time="2023-10-31T18:11:18+03:00" level=info msg="Received request - Key:age Value:19" func="NetServDB/controllers.RedisIncr()" file="controllers.go:27"
time="2023-10-31T18:11:18+03:00" level=info msg="UpdatedValue:20" func="NetServDB/controllers.RedisIncr()" file="controllers.go:39"
time="2023-10-31T18:12:41+03:00" level=info msg="Start app" func="main.init.0()" file="main.go:23"
time="2023-10-31T18:13:03+03:00" level=info msg="Received request - Key:age Value:19" func="NetServDB/controllers.RedisIncr()" file="controllers.go:26"
time="2023-10-31T18:13:03+03:00" level=info msg="UpdatedValue:39" func="NetServDB/controllers.RedisIncr()" file="controllers.go:37"
time="2023-10-31T18:13:04+03:00" level=info msg="Received request - Key:age Value:19" func="NetServDB/controllers.RedisIncr()" file="controllers.go:26"
time="2023-10-31T18:13:04+03:00" level=info msg="UpdatedValue:58" func="NetServDB/controllers.RedisIncr()" file="controllers.go:37"
time="2023-10-31T18:13:07+03:00" level=info msg="successful authorization !" func="NetServDB/middleware.Authenticate.func1()" file="auth.go:71"
time="2023-10-31T18:13:07+03:00" level=info msg="REDIS successfully updated" func="NetServDB/controllers.RedisRefresh()" file="controllers.go:50"
time="2023-10-31T18:13:10+03:00" level=info msg="Received request - Key:age Value:19" func="NetServDB/controllers.RedisIncr()" file="controllers.go:26"
time="2023-10-31T18:13:10+03:00" level=info msg="UpdatedValue:20" func="NetServDB/controllers.RedisIncr()" file="controllers.go:37"
time="2023-10-31T18:13:11+03:00" level=info msg="Received request - Key:age Value:19" func="NetServDB/controllers.RedisIncr()" file="controllers.go:26"
time="2023-10-31T18:13:11+03:00" level=info msg="UpdatedValue:39" func="NetServDB/controllers.RedisIncr()" file="controllers.go:37"
time="2023-10-31T18:32:26+03:00" level=info msg="Start app" func="main.init.0()" file="main.go:23"
time="2023-10-31T18:32:54+03:00" level=info msg="successful authorization !" func="NetServDB/middleware.Authenticate.func1()" file="auth.go:71"
time="2023-10-31T18:32:54+03:00" level=info msg="REDIS successfully updated" func="NetServDB/controllers.RedisRefresh()" file="controllers.go:49"
time="2023-10-31T18:32:57+03:00" level=info msg="Received request - Key:age Value:19" func="NetServDB/controllers.RedisIncr()" file="controllers.go:26"
time="2023-10-31T18:32:57+03:00" level=info msg="UpdatedValue:20" func="NetServDB/controllers.RedisIncr()" file="controllers.go:37"
time="2023-10-31T18:32:59+03:00" level=info msg="Received request - Key:age Value:19" func="NetServDB/controllers.RedisIncr()" file="controllers.go:26"
time="2023-10-31T18:32:59+03:00" level=info msg="UpdatedValue:39" func="NetServDB/controllers.RedisIncr()" file="controllers.go:37"
time="2023-10-31T18:51:19+03:00" level=info msg="Start app" func="main.init.0()" file="main.go:23"
time="2023-10-31T18:52:33+03:00" level=info msg="Start app" func="main.init.0()" file="main.go:23"
time="2023-10-31T18:52:39+03:00" level=info msg="Received request - Key:age Value:19" func="NetServDB/controllers.RedisIncr()" file="controllers.go:26"
time="2023-10-31T18:52:39+03:00" level=info msg="UpdatedValue:58" func="NetServDB/controllers.RedisIncr()" file="controllers.go:37"
time="2023-10-31T18:52:43+03:00" level=info msg="successful authorization !" func="NetServDB/middleware.Authenticate.func1()" file="auth.go:71"
time="2023-10-31T18:52:43+03:00" level=info msg="REDIS successfully updated" func="NetServDB/controllers.RedisRefresh()" file="controllers.go:47"
time="2023-10-31T18:52:46+03:00" level=info msg="successful authorization !" func="NetServDB/middleware.Authenticate.func1()" file="auth.go:71"
time="2023-10-31T18:52:46+03:00" level=info msg="REDIS successfully updated" func="NetServDB/controllers.RedisRefresh()" file="controllers.go:47"
time="2023-10-31T18:52:51+03:00" level=info msg="Received request - Key:age Value:19" func="NetServDB/controllers.RedisIncr()" file="controllers.go:26"
time="2023-10-31T18:52:51+03:00" level=info msg="UpdatedValue:20" func="NetServDB/controllers.RedisIncr()" file="controllers.go:37"
time="2023-10-31T18:52:54+03:00" level=info msg="successful authorization !" func="NetServDB/middleware.Authenticate.func1()" file="auth.go:71"
time="2023-10-31T18:52:54+03:00" level=info msg="REDIS successfully updated" func="NetServDB/controllers.RedisRefresh()" file="controllers.go:47"
time="2023-10-31T19:02:27+03:00" level=info msg="Start app" func="main.init.0()" file="main.go:23"
time="2023-10-31T19:02:57+03:00" level=info msg="signature:d88a1690ee8d264192854d6989555426294b241f2a95a20ed008ebb1650c8eba5e34223919e84ec90414a027ab1e45d63fa231161a0c57a245b8de6f76d49fa0" func="NetServDB/controllers.SignHMACSHA512()" file="controllers.go:74"
time="2023-10-31T19:03:03+03:00" level=info msg="signature:58ddc431b02c4e9844832c69f83a0b51e985ec0c6ce69d708133b6094970143c9e8ac180017de47f8b2535b7b2b66dbe3bdf118fadd6f08b332453bd3fe03a96" func="NetServDB/controllers.SignHMACSHA512()" file="controllers.go:74"
time="2023-10-31T19:09:04+03:00" level=info msg="Start app" func="main.init.0()" file="main.go:23"
time="2023-10-31T19:09:29+03:00" level=info msg="new user - Name:Alex Age:21" func="NetServDB/controllers.AddUser()" file="controllers.go:94"
time="2023-10-31T19:09:29+03:00" level=info msg="user's id:5" func="NetServDB/controllers.AddUser()" file="controllers.go:105"
time="2023-10-31T19:09:33+03:00" level=info msg="new user - Name:Alex Age:21" func="NetServDB/controllers.AddUser()" file="controllers.go:94"
time="2023-10-31T19:09:33+03:00" level=info msg="user's id:6" func="NetServDB/controllers.AddUser()" file="controllers.go:105"
time="2023-10-31T19:11:33+03:00" level=info msg="Start app" func="main.init.0()" file="main.go:23"
time="2023-10-31T19:11:41+03:00" level=info msg="new user - Name:Alex Age:21" func="NetServDB/controllers.AddUser()" file="controllers.go:94"
time="2023-10-31T19:11:41+03:00" level=info msg="user's id:7" func="NetServDB/controllers.AddUser()" file="controllers.go:105"
time="2023-10-31T19:11:47+03:00" level=info msg="successful authorization !" func="NetServDB/middleware.Authenticate.func1()" file="auth.go:71"
time="2023-10-31T19:11:47+03:00" level=info msg="Table 'users' refreshed successfully" func="NetServDB/controllers.TableRefresh()" file="controllers.go:118"
time="2023-10-31T19:11:56+03:00" level=info msg="new user - Name:Alex Age:21" func="NetServDB/controllers.AddUser()" file="controllers.go:94"
time="2023-10-31T19:11:56+03:00" level=info msg="user's id:1" func="NetServDB/controllers.AddUser()" file="controllers.go:105"
time="2023-11-08T16:35:47+03:00" level=info msg="Start app" func="main.init.0()" file="main.go:24"
time="2023-11-08T16:36:02+03:00" level=info msg="new user - Name:Alex Age:21" func="NetServDB/transport/http.(*UserController).AddUser()" file="user_controller.go:42"
time="2023-11-08T16:36:02+03:00" level=info msg="user's id:2" func="NetServDB/transport/http.(*UserController).AddUser()" file="user_controller.go:53"
time="2023-11-08T16:36:19+03:00" level=info msg="signature:58ddc431b02c4e9844832c69f83a0b51e985ec0c6ce69d708133b6094970143c9e8ac180017de47f8b2535b7b2b66dbe3bdf118fadd6f08b332453bd3fe03a96" func="NetServDB/controllers.SignHMACSHA512()" file="encrypt.go:37"
time="2023-11-09T12:04:13+03:00" level=info msg="Start app" func="main.init.0()" file="main.go:25"
time="2023-11-09T12:21:05+03:00" level=info msg="Start app" func="main.init.0()" file="main.go:25"
time="2023-11-09T12:21:31+03:00" level=info msg="new user - Name:Alex Age:21" func="NetServDB/transport/http.(*UserController).AddUser()" file="user_controller.go:42"
time="2023-11-09T12:21:31+03:00" level=info msg="user's id:3" func="NetServDB/transport/http.(*UserController).AddUser()" file="user_controller.go:53"
time="2023-11-09T12:23:54+03:00" level=info msg="Start app" func="main.init.0()" file="main.go:25"
time="2023-11-09T12:36:53+03:00" level=info msg="Start app" func="main.init.0()" file="main.go:25"
time="2023-11-09T12:40:32+03:00" level=info msg="Start app" func="main.init.0()" file="main.go:25"
time="2023-11-09T12:40:40+03:00" level=info msg="signature:58ddc431b02c4e9844832c69f83a0b51e985ec0c6ce69d708133b6094970143c9e8ac180017de47f8b2535b7b2b66dbe3bdf118fadd6f08b332453bd3fe03a96" func="NetServDB/controllers.SignHMACSHA512()" file="encrypt.go:37"
